andandooo
conexion arriba
andandooo
conexion arriba
andandooo
conexion arriba
node:events:515
      throw er; // Unhandled 'error' event
      ^

Error: listen EADDRINUSE: address already in use :::3000
    at Server.setupListenHandle [as _listen2] (node:net:1422:16)
    at listenInCluster (node:net:1470:12)
    at Server.listen (node:net:1558:7)
    at Function.listen (/home/ubuntu/API/node_modules/express/lib/application.js:635:24)
    at Object.<anonymous> (/home/ubuntu/API/app.js:21:5)
    at Module._compile (node:internal/modules/cjs/loader:1112:14)
    at Module._extensions..js (node:internal/modules/cjs/loader:1166:10)
    at Module.load (node:internal/modules/cjs/loader:988:32)
    at Module._load (node:internal/modules/cjs/loader:834:12)
    at Function.executeUserEntryPoint [as runMain] (node:internal/modules/run_main:77:12)
Emitted 'error' event on Server instance at:
    at emitErrorNT (node:net:1449:8)
    at process.processTicksAndRejections (node:internal/process/task_queues:82:21) {
  code: 'EADDRINUSE',
  errno: -98,
  syscall: 'listen',
  address: '::',
  port: 3000
}

Node.js v18.4.0
node:events:515
      throw er; // Unhandled 'error' event
      ^

Error: listen EADDRINUSE: address already in use :::3000
    at Server.setupListenHandle [as _listen2] (node:net:1422:16)
    at listenInCluster (node:net:1470:12)
    at Server.listen (node:net:1558:7)
    at Function.listen (/home/ubuntu/API/node_modules/express/lib/application.js:635:24)
    at Object.<anonymous> (/home/ubuntu/API/app.js:21:5)
    at Module._compile (node:internal/modules/cjs/loader:1112:14)
    at Module._extensions..js (node:internal/modules/cjs/loader:1166:10)
    at Module.load (node:internal/modules/cjs/loader:988:32)
    at Module._load (node:internal/modules/cjs/loader:834:12)
    at Function.executeUserEntryPoint [as runMain] (node:internal/modules/run_main:77:12)
Emitted 'error' event on Server instance at:
    at emitErrorNT (node:net:1449:8)
    at process.processTicksAndRejections (node:internal/process/task_queues:82:21) {
  code: 'EADDRINUSE',
  errno: -98,
  syscall: 'listen',
  address: '::',
  port: 3000
}

Node.js v18.4.0
node:events:515
      throw er; // Unhandled 'error' event
      ^

Error: listen EADDRINUSE: address already in use :::3000
    at Server.setupListenHandle [as _listen2] (node:net:1422:16)
    at listenInCluster (node:net:1470:12)
    at Server.listen (node:net:1558:7)
    at Function.listen (/home/ubuntu/API/node_modules/express/lib/application.js:635:24)
    at Object.<anonymous> (/home/ubuntu/API/app.js:21:5)
    at Module._compile (node:internal/modules/cjs/loader:1112:14)
    at Module._extensions..js (node:internal/modules/cjs/loader:1166:10)
    at Module.load (node:internal/modules/cjs/loader:988:32)
    at Module._load (node:internal/modules/cjs/loader:834:12)
    at Function.executeUserEntryPoint [as runMain] (node:internal/modules/run_main:77:12)
Emitted 'error' event on Server instance at:
    at emitErrorNT (node:net:1449:8)
    at process.processTicksAndRejections (node:internal/process/task_queues:82:21) {
  code: 'EADDRINUSE',
  errno: -98,
  syscall: 'listen',
  address: '::',
  port: 3000
}

Node.js v18.4.0
andando
conexion arriba
andando
conexion arriba
node:events:515
      throw er; // Unhandled 'error' event
      ^

Error: listen EADDRINUSE: address already in use :::3000
    at Server.setupListenHandle [as _listen2] (node:net:1422:16)
    at listenInCluster (node:net:1470:12)
    at Server.listen (node:net:1558:7)
    at Function.listen (/home/ubuntu/API/node_modules/express/lib/application.js:635:24)
    at Object.<anonymous> (/home/ubuntu/API/app.js:23:5)
    at Module._compile (node:internal/modules/cjs/loader:1112:14)
    at Module._extensions..js (node:internal/modules/cjs/loader:1166:10)
    at Module.load (node:internal/modules/cjs/loader:988:32)
    at Module._load (node:internal/modules/cjs/loader:834:12)
    at Function.executeUserEntryPoint [as runMain] (node:internal/modules/run_main:77:12)
Emitted 'error' event on Server instance at:
    at emitErrorNT (node:net:1449:8)
    at process.processTicksAndRejections (node:internal/process/task_queues:82:21) {
  code: 'EADDRINUSE',
  errno: -98,
  syscall: 'listen',
  address: '::',
  port: 3000
}

Node.js v18.4.0
andando
conexion arriba
node:events:515
      throw er; // Unhandled 'error' event
      ^

Error: listen EADDRINUSE: address already in use :::3000
    at Server.setupListenHandle [as _listen2] (node:net:1422:16)
    at listenInCluster (node:net:1470:12)
    at Server.listen (node:net:1558:7)
    at Function.listen (/home/ubuntu/API/node_modules/express/lib/application.js:635:24)
    at Object.<anonymous> (/home/ubuntu/API/app.js:23:5)
    at Module._compile (node:internal/modules/cjs/loader:1112:14)
    at Module._extensions..js (node:internal/modules/cjs/loader:1166:10)
    at Module.load (node:internal/modules/cjs/loader:988:32)
    at Module._load (node:internal/modules/cjs/loader:834:12)
    at Function.executeUserEntryPoint [as runMain] (node:internal/modules/run_main:77:12)
Emitted 'error' event on Server instance at:
    at emitErrorNT (node:net:1449:8)
    at process.processTicksAndRejections (node:internal/process/task_queues:82:21) {
  code: 'EADDRINUSE',
  errno: -98,
  syscall: 'listen',
  address: '::',
  port: 3000
}

Node.js v18.4.0
andando
conexion arriba
andando
conexion arriba
andando
